[2021-03-12 18:23:11.319] [exthost] [info] extension host started
[2021-03-12 18:23:11.319] [exthost] [info] ExtensionService#_doActivateExtension vscode.microsoft-authentication {"startup":false,"extensionId":{"value":"vscode.microsoft-authentication","_lower":"vscode.microsoft-authentication"},"activationEvent":"onAuthenticationRequest:microsoft"}
[2021-03-12 18:23:11.319] [exthost] [info] ExtensionService#loadCommonJSModule file:///snap/code/58/usr/share/code/resources/app/extensions/microsoft-authentication/dist/extension.js
[2021-03-12 18:23:11.319] [exthost] [info] ExtensionService#_doActivateExtension vscode.debug-auto-launch {"startup":true,"extensionId":{"value":"vscode.debug-auto-launch","_lower":"vscode.debug-auto-launch"},"activationEvent":"*"}
[2021-03-12 18:23:11.319] [exthost] [info] ExtensionService#loadCommonJSModule file:///snap/code/58/usr/share/code/resources/app/extensions/debug-auto-launch/dist/extension
[2021-03-12 18:23:11.319] [exthost] [info] ExtensionService#_doActivateExtension vscode.git {"startup":true,"extensionId":{"value":"vscode.github","_lower":"vscode.github"},"activationEvent":"*"}
[2021-03-12 18:23:11.319] [exthost] [info] ExtensionService#loadCommonJSModule file:///snap/code/58/usr/share/code/resources/app/extensions/git/dist/main
[2021-03-12 18:23:11.319] [exthost] [info] ExtensionService#_doActivateExtension vscode.npm {"startup":true,"extensionId":{"value":"vscode.npm","_lower":"vscode.npm"},"activationEvent":"workspaceContains:package.json"}
[2021-03-12 18:23:11.319] [exthost] [info] ExtensionService#loadCommonJSModule file:///snap/code/58/usr/share/code/resources/app/extensions/npm/dist/npmMain
[2021-03-12 18:23:11.475] [exthost] [info] ExtensionService#_doActivateExtension ms-vscode.js-debug {"startup":false,"extensionId":{"value":"ms-vscode.js-debug","_lower":"ms-vscode.js-debug"},"activationEvent":"onCommand:extension.js-debug.clearAutoAttachVariables"}
[2021-03-12 18:23:11.475] [exthost] [info] ExtensionService#loadCommonJSModule file:///snap/code/58/usr/share/code/resources/app/extensions/ms-vscode.js-debug/src/extension.js
[2021-03-12 18:23:12.966] [exthost] [info] ExtensionService#_doActivateExtension vscode.github {"startup":true,"extensionId":{"value":"vscode.github","_lower":"vscode.github"},"activationEvent":"*"}
[2021-03-12 18:23:12.966] [exthost] [info] ExtensionService#loadCommonJSModule file:///snap/code/58/usr/share/code/resources/app/extensions/github/dist/extension.js
[2021-03-12 18:23:13.040] [exthost] [info] eager extensions activated
[2021-03-12 18:23:13.098] [exthost] [info] ExtensionService#_doActivateExtension vscode.github-authentication {"startup":false,"extensionId":{"value":"vscode.github-authentication","_lower":"vscode.github-authentication"},"activationEvent":"onAuthenticationRequest:github"}
[2021-03-12 18:23:13.098] [exthost] [info] ExtensionService#loadCommonJSModule file:///snap/code/58/usr/share/code/resources/app/extensions/github-authentication/dist/extension.js
[2021-03-12 18:23:13.143] [exthost] [info] ExtensionService#_doActivateExtension vscode.emmet {"startup":false,"extensionId":{"value":"vscode.emmet","_lower":"vscode.emmet"},"activationEvent":"onStartupFinished"}
[2021-03-12 18:23:13.143] [exthost] [info] ExtensionService#loadCommonJSModule file:///snap/code/58/usr/share/code/resources/app/extensions/emmet/dist/node/emmetNodeMain
[2021-03-12 18:23:13.220] [exthost] [info] ExtensionService#_doActivateExtension vscode.merge-conflict {"startup":false,"extensionId":{"value":"vscode.merge-conflict","_lower":"vscode.merge-conflict"},"activationEvent":"onStartupFinished"}
[2021-03-12 18:23:13.221] [exthost] [info] ExtensionService#loadCommonJSModule file:///snap/code/58/usr/share/code/resources/app/extensions/merge-conflict/dist/mergeConflictMain
[2021-03-12 18:23:13.229] [exthost] [info] ExtensionService#_doActivateExtension vscode.testing-editor-contributions {"startup":false,"extensionId":{"value":"vscode.testing-editor-contributions","_lower":"vscode.testing-editor-contributions"},"activationEvent":"onStartupFinished"}
[2021-03-12 18:23:13.230] [exthost] [info] ExtensionService#loadCommonJSModule file:///snap/code/58/usr/share/code/resources/app/extensions/testing-editor-contributions/dist/extension.js
[2021-03-12 18:23:13.566] [exthost] [warning] [Decorations] CAPPING events from decorations provider vscode.git 392
[2021-03-12 18:24:27.632] [exthost] [warning] [Decorations] CAPPING events from decorations provider vscode.git 409
[2021-03-12 18:24:37.292] [exthost] [warning] [Decorations] CAPPING events from decorations provider vscode.git 407
[2021-03-12 18:24:43.430] [exthost] [warning] [Decorations] CAPPING events from decorations provider vscode.git 407
[2021-03-12 18:24:48.546] [exthost] [warning] [Decorations] CAPPING events from decorations provider vscode.git 407
[2021-03-12 18:25:14.073] [exthost] [warning] [Decorations] CAPPING events from decorations provider vscode.git 406
[2021-03-12 18:25:28.029] [exthost] [warning] [Decorations] CAPPING events from decorations provider vscode.git 407
[2021-03-12 18:25:34.544] [exthost] [info] ExtensionService#_doActivateExtension vscode.typescript-language-features {"startup":false,"extensionId":{"value":"vscode.typescript-language-features","_lower":"vscode.typescript-language-features"},"activationEvent":"onLanguage:javascript"}
[2021-03-12 18:25:34.544] [exthost] [info] ExtensionService#loadCommonJSModule file:///snap/code/58/usr/share/code/resources/app/extensions/typescript-language-features/dist/extension
[2021-03-12 18:25:38.920] [exthost] [warning] [Decorations] CAPPING events from decorations provider vscode.git 408
[2021-03-12 18:26:16.467] [exthost] [warning] [Decorations] CAPPING events from decorations provider vscode.git 411
[2021-03-12 18:26:43.649] [exthost] [info] ExtensionService#_doActivateExtension vscode.extension-editing {"startup":false,"extensionId":{"value":"vscode.extension-editing","_lower":"vscode.extension-editing"},"activationEvent":"onLanguage:typescript"}
[2021-03-12 18:26:43.649] [exthost] [info] ExtensionService#loadCommonJSModule file:///snap/code/58/usr/share/code/resources/app/extensions/extension-editing/dist/extensionEditingMain
[2021-03-12 18:26:58.329] [exthost] [warning] [Decorations] CAPPING events from decorations provider vscode.git 412
[2021-03-12 18:27:08.933] [exthost] [warning] [Decorations] CAPPING events from decorations provider vscode.git 412
[2021-03-12 18:29:16.392] [exthost] [warning] [Decorations] CAPPING events from decorations provider vscode.git 412
[2021-03-12 18:30:23.107] [exthost] [warning] [Decorations] CAPPING events from decorations provider vscode.git 412
[2021-03-12 18:32:34.455] [exthost] [warning] [Decorations] CAPPING events from decorations provider vscode.git 412
[2021-03-12 18:33:07.231] [exthost] [warning] [Decorations] CAPPING events from decorations provider vscode.git 412
[2021-03-12 18:33:26.174] [exthost] [warning] [Decorations] CAPPING events from decorations provider vscode.git 412
[2021-03-12 18:36:39.175] [exthost] [warning] [Decorations] CAPPING events from decorations provider vscode.git 412
[2021-03-12 18:39:42.479] [exthost] [warning] [Decorations] CAPPING events from decorations provider vscode.git 412
[2021-03-12 18:40:38.252] [exthost] [warning] [Decorations] CAPPING events from decorations provider vscode.git 412
[2021-03-12 18:40:43.383] [exthost] [warning] [Decorations] CAPPING events from decorations provider vscode.git 412
[2021-03-12 18:44:25.603] [exthost] [warning] [Decorations] CAPPING events from decorations provider vscode.git 412
[2021-03-12 18:51:12.385] [exthost] [warning] [Decorations] CAPPING events from decorations provider vscode.git 412
[2021-03-12 18:54:20.902] [exthost] [warning] [Decorations] CAPPING events from decorations provider vscode.git 412
[2021-03-12 19:03:00.965] [exthost] [warning] [Decorations] CAPPING events from decorations provider vscode.git 412
[2021-03-12 19:06:19.910] [exthost] [warning] [Decorations] CAPPING events from decorations provider vscode.git 412
[2021-03-12 19:06:25.020] [exthost] [warning] [Decorations] CAPPING events from decorations provider vscode.git 412
[2021-03-12 19:06:47.773] [exthost] [warning] [Decorations] CAPPING events from decorations provider vscode.git 412
[2021-03-12 19:06:58.271] [exthost] [warning] [Decorations] CAPPING events from decorations provider vscode.git 412
[2021-03-12 19:07:04.615] [exthost] [warning] [Decorations] CAPPING events from decorations provider vscode.git 412
[2021-03-12 19:07:09.763] [exthost] [warning] [Decorations] CAPPING events from decorations provider vscode.git 412
[2021-03-12 19:10:12.942] [exthost] [warning] [Decorations] CAPPING events from decorations provider vscode.git 412
[2021-03-12 19:10:45.054] [exthost] [warning] [Decorations] CAPPING events from decorations provider vscode.git 412
[2021-03-12 19:11:18.916] [exthost] [warning] [Decorations] CAPPING events from decorations provider vscode.git 412
[2021-03-12 19:11:45.685] [exthost] [warning] [Decorations] CAPPING events from decorations provider vscode.git 412
[2021-03-12 19:13:05.934] [exthost] [warning] [Decorations] CAPPING events from decorations provider vscode.git 412
[2021-03-12 19:13:15.584] [exthost] [warning] [Decorations] CAPPING events from decorations provider vscode.git 412
[2021-03-12 19:17:02.011] [exthost] [warning] [Decorations] CAPPING events from decorations provider vscode.git 412
[2021-03-12 19:17:15.331] [exthost] [warning] [Decorations] CAPPING events from decorations provider vscode.git 412
[2021-03-12 19:17:21.073] [exthost] [warning] [Decorations] CAPPING events from decorations provider vscode.git 412
[2021-03-12 19:18:50.310] [exthost] [error] [vscode.typescript-language-features] provider FAILED
[2021-03-12 19:18:51.189] [exthost] [error] Error: <syntax> TypeScript Server Error (4.2.3)
Debug Failure. False expression: Expected line to be non-zero
Error: Debug Failure. False expression: Expected line to be non-zero
    at failIfInvalidLocation (/snap/code/58/usr/share/code/resources/app/extensions/node_modules/typescript/lib/tsserver.js:153121:22)
    at ScriptInfo.positionToLineOffset (/snap/code/58/usr/share/code/resources/app/extensions/node_modules/typescript/lib/tsserver.js:153088:17)
    at toProtocolTextSpan (/snap/code/58/usr/share/code/resources/app/extensions/node_modules/typescript/lib/tsserver.js:161051:35)
    at /snap/code/58/usr/share/code/resources/app/extensions/node_modules/typescript/lib/tsserver.js:160510:68
    at Array.map (<anonymous>)
    at IOSession.Session.toLocationNavigationTree (/snap/code/58/usr/share/code/resources/app/extensions/node_modules/typescript/lib/tsserver.js:160510:39)
    at IOSession.Session.getNavigationTree (/snap/code/58/usr/share/code/resources/app/extensions/node_modules/typescript/lib/tsserver.js:160521:32)
    at Session.handlers.ts.Map.ts.getEntries._a.<computed> (/snap/code/58/usr/share/code/resources/app/extensions/node_modules/typescript/lib/tsserver.js:159306:61)
    at /snap/code/58/usr/share/code/resources/app/extensions/node_modules/typescript/lib/tsserver.js:160963:88
    at IOSession.Session.executeWithRequestId (/snap/code/58/usr/share/code/resources/app/extensions/node_modules/typescript/lib/tsserver.js:160954:28)
    at IOSession.Session.executeCommand (/snap/code/58/usr/share/code/resources/app/extensions/node_modules/typescript/lib/tsserver.js:160963:33)
    at IOSession.Session.onMessage (/snap/code/58/usr/share/code/resources/app/extensions/node_modules/typescript/lib/tsserver.js:160989:35)
    at Interface.<anonymous> (/snap/code/58/usr/share/code/resources/app/extensions/node_modules/typescript/lib/tsserver.js:163650:31)
    at Interface.emit (events.js:315:20)
    at Interface._onLine (readline.js:329:10)
    at Interface._normalWrite (readline.js:474:12)
    at Socket.ondata (readline.js:186:10)
    at Socket.emit (events.js:315:20)
    at addChunk (_stream_readable.js:295:12)
    at readableAddChunk (_stream_readable.js:271:9)
    at Socket.Readable.push (_stream_readable.js:212:10)
    at Pipe.onStreamRead (internal/stream_base_commons.js:186:23)
	at Function.create (/snap/code/58/usr/share/code/resources/app/extensions/typescript-language-features/dist/extension.js:1:53151)
	at p.dispatchResponse (/snap/code/58/usr/share/code/resources/app/extensions/typescript-language-features/dist/extension.js:1:47026)
	at p.dispatchMessage (/snap/code/58/usr/share/code/resources/app/extensions/typescript-language-features/dist/extension.js:1:45885)
	at /snap/code/58/usr/share/code/resources/app/extensions/typescript-language-features/dist/extension.js:1:45395
	at g.fire (/snap/code/58/usr/share/code/resources/app/out/vs/workbench/services/extensions/node/extensionHostProcess.js:57:1836)
	at g.onLengthData (/snap/code/58/usr/share/code/resources/app/extensions/typescript-language-features/dist/extension.js:45:60030)
	at Socket.<anonymous> (/snap/code/58/usr/share/code/resources/app/extensions/typescript-language-features/dist/extension.js:45:59678)
	at Socket.emit (events.js:315:20)
	at addChunk (_stream_readable.js:295:12)
	at readableAddChunk (_stream_readable.js:271:9)
	at Socket.Readable.push (_stream_readable.js:212:10)
	at Pipe.onStreamRead (internal/stream_base_commons.js:186:23)
[2021-03-12 19:18:53.092] [exthost] [warning] [Decorations] CAPPING events from decorations provider vscode.git 412
[2021-03-12 19:23:31.949] [exthost] [warning] [Decorations] CAPPING events from decorations provider vscode.git 412
[2021-03-12 19:26:38.423] [exthost] [warning] [Decorations] CAPPING events from decorations provider vscode.git 412
[2021-03-12 19:27:44.669] [exthost] [warning] [Decorations] CAPPING events from decorations provider vscode.git 412
[2021-03-12 19:29:14.842] [exthost] [warning] [Decorations] CAPPING events from decorations provider vscode.git 412
[2021-03-12 19:29:21.353] [exthost] [warning] [Decorations] CAPPING events from decorations provider vscode.git 412
[2021-03-12 19:30:27.315] [exthost] [warning] [Decorations] CAPPING events from decorations provider vscode.git 412
[2021-03-13 03:22:37.455] [exthost] [warning] [Decorations] CAPPING events from decorations provider vscode.git 436
[2021-03-13 03:25:22.321] [exthost] [warning] [Decorations] CAPPING events from decorations provider vscode.git 437
[2021-03-13 03:39:54.636] [exthost] [warning] [Decorations] CAPPING events from decorations provider vscode.git 437
[2021-03-13 03:40:19.526] [exthost] [warning] [Decorations] CAPPING events from decorations provider vscode.git 437
[2021-03-13 03:40:28.082] [exthost] [warning] [Decorations] CAPPING events from decorations provider vscode.git 437
[2021-03-13 03:40:34.925] [exthost] [warning] [Decorations] CAPPING events from decorations provider vscode.git 437
[2021-03-13 03:44:15.992] [exthost] [warning] [Decorations] CAPPING events from decorations provider vscode.git 437
[2021-03-13 03:45:03.447] [exthost] [warning] [Decorations] CAPPING events from decorations provider vscode.git 437
[2021-03-13 03:45:22.440] [exthost] [warning] [Decorations] CAPPING events from decorations provider vscode.git 437
[2021-03-13 03:46:30.630] [exthost] [warning] [Decorations] CAPPING events from decorations provider vscode.git 437
[2021-03-13 03:46:37.215] [exthost] [warning] [Decorations] CAPPING events from decorations provider vscode.git 437
[2021-03-13 03:50:15.160] [exthost] [warning] [Decorations] CAPPING events from decorations provider vscode.git 437
[2021-03-13 03:50:20.290] [exthost] [warning] [Decorations] CAPPING events from decorations provider vscode.git 438
[2021-03-13 03:54:53.571] [exthost] [warning] [Decorations] CAPPING events from decorations provider vscode.git 438
[2021-03-13 03:57:47.564] [exthost] [warning] [Decorations] CAPPING events from decorations provider vscode.git 437
[2021-03-13 03:59:15.018] [exthost] [warning] [Decorations] CAPPING events from decorations provider vscode.git 437
[2021-03-13 03:59:45.725] [exthost] [warning] [Decorations] CAPPING events from decorations provider vscode.git 437
[2021-03-13 04:01:07.086] [exthost] [warning] [Decorations] CAPPING events from decorations provider vscode.git 437
[2021-03-13 04:07:16.861] [exthost] [warning] [Decorations] CAPPING events from decorations provider vscode.git 437
[2021-03-13 04:09:01.981] [exthost] [warning] [Decorations] CAPPING events from decorations provider vscode.git 437
[2021-03-13 04:09:26.747] [exthost] [warning] [Decorations] CAPPING events from decorations provider vscode.git 437
[2021-03-13 04:15:55.472] [exthost] [warning] [Decorations] CAPPING events from decorations provider vscode.git 437
[2021-03-13 04:16:00.611] [exthost] [warning] [Decorations] CAPPING events from decorations provider vscode.git 437
[2021-03-13 04:16:20.950] [exthost] [warning] [Decorations] CAPPING events from decorations provider vscode.git 437
[2021-03-13 04:22:25.551] [exthost] [warning] [Decorations] CAPPING events from decorations provider vscode.git 437
[2021-03-13 04:22:38.912] [exthost] [warning] [Decorations] CAPPING events from decorations provider vscode.git 437
[2021-03-13 04:22:50.699] [exthost] [warning] [Decorations] CAPPING events from decorations provider vscode.git 437
[2021-03-13 04:25:53.932] [exthost] [warning] [Decorations] CAPPING events from decorations provider vscode.git 437
[2021-03-13 04:26:07.052] [exthost] [warning] [Decorations] CAPPING events from decorations provider vscode.git 437
[2021-03-13 04:26:27.595] [exthost] [warning] [Decorations] CAPPING events from decorations provider vscode.git 437
[2021-03-13 04:26:41.268] [exthost] [warning] [Decorations] CAPPING events from decorations provider vscode.git 437
[2021-03-13 04:29:20.503] [exthost] [warning] [Decorations] CAPPING events from decorations provider vscode.git 437
[2021-03-13 04:30:05.283] [exthost] [warning] [Decorations] CAPPING events from decorations provider vscode.git 437
[2021-03-13 04:30:16.188] [exthost] [warning] [Decorations] CAPPING events from decorations provider vscode.git 437
[2021-03-13 04:31:06.974] [exthost] [warning] [Decorations] CAPPING events from decorations provider vscode.git 437
[2021-03-13 04:32:01.146] [exthost] [warning] [Decorations] CAPPING events from decorations provider vscode.git 437
[2021-03-13 04:32:27.084] [exthost] [warning] [Decorations] CAPPING events from decorations provider vscode.git 437
[2021-03-13 04:32:51.438] [exthost] [warning] [Decorations] CAPPING events from decorations provider vscode.git 437
[2021-03-13 04:33:25.750] [exthost] [warning] [Decorations] CAPPING events from decorations provider vscode.git 437
[2021-03-13 04:34:34.106] [exthost] [warning] [Decorations] CAPPING events from decorations provider vscode.git 437
[2021-03-13 04:35:08.367] [exthost] [warning] [Decorations] CAPPING events from decorations provider vscode.git 437
[2021-03-13 04:36:43.149] [exthost] [warning] [Decorations] CAPPING events from decorations provider vscode.git 437
[2021-03-13 04:39:01.942] [exthost] [warning] [Decorations] CAPPING events from decorations provider vscode.git 437
[2021-03-13 04:39:08.806] [exthost] [warning] [Decorations] CAPPING events from decorations provider vscode.git 437
[2021-03-13 04:41:01.384] [exthost] [warning] [Decorations] CAPPING events from decorations provider vscode.git 437
[2021-03-13 04:41:06.507] [exthost] [warning] [Decorations] CAPPING events from decorations provider vscode.git 437
[2021-03-13 04:41:30.463] [exthost] [warning] [Decorations] CAPPING events from decorations provider vscode.git 437
[2021-03-13 04:41:35.577] [exthost] [warning] [Decorations] CAPPING events from decorations provider vscode.git 437
[2021-03-13 04:42:25.447] [exthost] [warning] [Decorations] CAPPING events from decorations provider vscode.git 437
[2021-03-13 04:42:35.372] [exthost] [warning] [Decorations] CAPPING events from decorations provider vscode.git 437
[2021-03-13 04:42:42.798] [exthost] [warning] [Decorations] CAPPING events from decorations provider vscode.git 437
[2021-03-13 04:42:47.993] [exthost] [warning] [Decorations] CAPPING events from decorations provider vscode.git 437
[2021-03-13 05:13:25.756] [exthost] [warning] [Decorations] CAPPING events from decorations provider vscode.git 437
[2021-03-13 05:13:30.955] [exthost] [warning] [Decorations] CAPPING events from decorations provider vscode.git 437
[2021-03-13 05:14:30.702] [exthost] [warning] [Decorations] CAPPING events from decorations provider vscode.git 437
[2021-03-13 05:15:17.402] [exthost] [warning] [Decorations] CAPPING events from decorations provider vscode.git 437
[2021-03-13 05:15:38.459] [exthost] [warning] [Decorations] CAPPING events from decorations provider vscode.git 437
[2021-03-13 05:25:04.225] [exthost] [warning] [Decorations] CAPPING events from decorations provider vscode.git 437
[2021-03-13 05:25:09.357] [exthost] [warning] [Decorations] CAPPING events from decorations provider vscode.git 437
[2021-03-13 05:27:16.748] [exthost] [info] ExtensionService#_doActivateExtension vscode.configuration-editing {"startup":false,"extensionId":{"value":"vscode.configuration-editing","_lower":"vscode.configuration-editing"},"activationEvent":"onLanguage:json"}
[2021-03-13 05:27:17.123] [exthost] [info] ExtensionService#loadCommonJSModule file:///snap/code/58/usr/share/code/resources/app/extensions/configuration-editing/dist/configurationEditingMain
[2021-03-13 05:27:17.524] [exthost] [info] ExtensionService#_doActivateExtension vscode.json-language-features {"startup":false,"extensionId":{"value":"vscode.json-language-features","_lower":"vscode.json-language-features"},"activationEvent":"onLanguage:json"}
[2021-03-13 05:27:17.524] [exthost] [info] ExtensionService#loadCommonJSModule file:///snap/code/58/usr/share/code/resources/app/extensions/json-language-features/client/dist/node/jsonClientMain
[2021-03-13 05:27:25.112] [exthost] [warning] [Decorations] CAPPING events from decorations provider vscode.git 437
[2021-03-13 05:27:36.466] [exthost] [warning] [Decorations] CAPPING events from decorations provider vscode.git 439
[2021-03-13 05:28:06.784] [exthost] [warning] [Decorations] CAPPING events from decorations provider vscode.git 440
[2021-03-13 05:29:17.654] [exthost] [warning] [Decorations] CAPPING events from decorations provider vscode.git 440
[2021-03-13 05:29:52.858] [exthost] [warning] [Decorations] CAPPING events from decorations provider vscode.git 440
[2021-03-13 05:31:29.782] [exthost] [warning] [Decorations] CAPPING events from decorations provider vscode.git 440
[2021-03-13 05:32:33.961] [exthost] [warning] [Decorations] CAPPING events from decorations provider vscode.git 440
[2021-03-13 05:34:42.961] [exthost] [warning] [Decorations] CAPPING events from decorations provider vscode.git 440
[2021-03-13 05:36:11.012] [exthost] [warning] [Decorations] CAPPING events from decorations provider vscode.git 440
[2021-03-13 05:36:59.145] [exthost] [warning] [Decorations] CAPPING events from decorations provider vscode.git 440
[2021-03-13 05:38:04.828] [exthost] [warning] [Decorations] CAPPING events from decorations provider vscode.git 440
[2021-03-13 05:38:23.921] [exthost] [warning] [Decorations] CAPPING events from decorations provider vscode.git 441
[2021-03-13 05:38:32.241] [exthost] [warning] [Decorations] CAPPING events from decorations provider vscode.git 441
[2021-03-13 05:40:14.069] [exthost] [warning] [Decorations] CAPPING events from decorations provider vscode.git 441
[2021-03-13 05:42:23.222] [exthost] [warning] [Decorations] CAPPING events from decorations provider vscode.git 441
[2021-03-13 05:44:00.085] [exthost] [warning] [Decorations] CAPPING events from decorations provider vscode.git 441
[2021-03-13 05:46:29.071] [exthost] [warning] [Decorations] CAPPING events from decorations provider vscode.git 441
[2021-03-13 05:46:38.410] [exthost] [warning] [Decorations] CAPPING events from decorations provider vscode.git 441
[2021-03-13 05:54:08.885] [exthost] [warning] [Decorations] CAPPING events from decorations provider vscode.git 441
[2021-03-13 05:54:14.005] [exthost] [warning] [Decorations] CAPPING events from decorations provider vscode.git 441
[2021-03-13 05:54:25.134] [exthost] [warning] [Decorations] CAPPING events from decorations provider vscode.git 441
[2021-03-13 05:54:34.661] [exthost] [warning] [Decorations] CAPPING events from decorations provider vscode.git 441
[2021-03-13 05:54:41.328] [exthost] [warning] [Decorations] CAPPING events from decorations provider vscode.git 441
[2021-03-13 05:57:42.351] [exthost] [warning] [Decorations] CAPPING events from decorations provider vscode.git 441
[2021-03-13 06:11:58.383] [exthost] [warning] [Decorations] CAPPING events from decorations provider vscode.git 441
[2021-03-13 06:17:48.583] [exthost] [warning] [Decorations] CAPPING events from decorations provider vscode.git 441
[2021-03-13 06:18:07.056] [exthost] [warning] [Decorations] CAPPING events from decorations provider vscode.git 441
[2021-03-13 06:21:28.043] [exthost] [warning] [Decorations] CAPPING events from decorations provider vscode.git 442
[2021-03-13 06:28:19.897] [exthost] [warning] [Decorations] CAPPING events from decorations provider vscode.git 442
[2021-03-13 06:28:26.389] [exthost] [info] extension host terminating: received terminate message from renderer
[2021-03-13 06:28:30.280] [exthost] [info] exiting with code 0
